2017-07-06 00:09:45.066 [restartedMain] DEBUG net.bubblyyi.base.config.listener.ApplicationEventListener - 初始化环境变量
2017-07-06 00:09:45.285 [restartedMain] INFO  net.bubblyyi.base.Application - Starting Application on JamesMacBook.local with PID 4232 (started by zhangyi in /Users/zhangyi/Documents/java ee workspace/springboot_authority-master)
2017-07-06 00:09:45.287 [restartedMain] DEBUG net.bubblyyi.base.Application - Running with Spring Boot v1.4.2.RELEASE, Spring v4.3.4.RELEASE
2017-07-06 00:09:45.287 [restartedMain] INFO  net.bubblyyi.base.Application - No active profile set, falling back to default profiles: default
2017-07-06 00:09:45.455 [restartedMain] DEBUG net.bubblyyi.base.config.listener.ApplicationEventListener - 初始化环境变量完成
2017-07-06 00:09:45.516 [background-preinit] DEBUG org.jboss.logging - Logging Provider: org.jboss.logging.Slf4jLoggerProvider found via system property
2017-07-06 00:09:48.006 [restartedMain] DEBUG net.sf.ehcache.config.ConfigurationFactory - Configuring ehcache from InputStream
2017-07-06 00:09:48.026 [restartedMain] DEBUG net.sf.ehcache.config.BeanHandler - Ignoring ehcache attribute xmlns:xsi
2017-07-06 00:09:48.027 [restartedMain] DEBUG net.sf.ehcache.config.BeanHandler - Ignoring ehcache attribute xsi:noNamespaceSchemaLocation
2017-07-06 00:09:48.028 [restartedMain] DEBUG net.sf.ehcache.config.DiskStoreConfiguration - Disk Store Path: /var/folders/hx/ffh57rtd0dq4cm10w09pypm80000gn/T/
2017-07-06 00:09:48.050 [restartedMain] DEBUG net.sf.ehcache.util.PropertyUtil - propertiesString is null.
2017-07-06 00:09:48.068 [restartedMain] DEBUG net.sf.ehcache.config.ConfigurationHelper - No CacheManagerEventListenerFactory class specified. Skipping...
2017-07-06 00:09:48.141 [restartedMain] DEBUG net.sf.ehcache.Cache - No BootstrapCacheLoaderFactory class specified. Skipping...
2017-07-06 00:09:48.141 [restartedMain] DEBUG net.sf.ehcache.Cache - CacheWriter factory not configured. Skipping...
2017-07-06 00:09:48.141 [restartedMain] DEBUG net.sf.ehcache.config.ConfigurationHelper - No CacheExceptionHandlerFactory class specified. Skipping...
2017-07-06 00:09:48.155 [restartedMain] DEBUG net.sf.ehcache.Cache - No BootstrapCacheLoaderFactory class specified. Skipping...
2017-07-06 00:09:48.156 [restartedMain] DEBUG net.sf.ehcache.Cache - CacheWriter factory not configured. Skipping...
2017-07-06 00:09:48.156 [restartedMain] DEBUG net.sf.ehcache.config.ConfigurationHelper - No CacheExceptionHandlerFactory class specified. Skipping...
2017-07-06 00:09:48.157 [restartedMain] WARN  net.sf.ehcache.config.CacheConfiguration - Configuration problem for cache resourceCache: MaxEntriesLocalHeap equal or greater than MaxEntriesLocalDisk. This will result in useless disk storage.
2017-07-06 00:09:48.201 [restartedMain] DEBUG net.sf.ehcache.DiskStorePathManager - Using diskstore path /var/folders/hx/ffh57rtd0dq4cm10w09pypm80000gn/T
2017-07-06 00:09:48.202 [restartedMain] DEBUG net.sf.ehcache.DiskStorePathManager - Holding exclusive lock on /var/folders/hx/ffh57rtd0dq4cm10w09pypm80000gn/T/.ehcache-diskstore.lock
2017-07-06 00:09:48.202 [restartedMain] DEBUG net.sf.ehcache.store.disk.DiskStorageFactory - Failed to delete file resource%0043ache.data
2017-07-06 00:09:48.202 [restartedMain] DEBUG net.sf.ehcache.store.disk.DiskStorageFactory - Failed to delete file resource%0043ache.index
2017-07-06 00:09:48.215 [restartedMain] DEBUG net.sf.ehcache.store.disk.DiskStorageFactory - Matching data file missing (or empty) for index file. Deleting index file /var/folders/hx/ffh57rtd0dq4cm10w09pypm80000gn/T/resource%0043ache.index
2017-07-06 00:09:48.216 [restartedMain] DEBUG net.sf.ehcache.store.disk.DiskStorageFactory - Failed to delete file resource%0043ache.index
2017-07-06 00:09:48.355 [restartedMain] DEBUG net.sf.ehcache.statistics.extended.ExtendedStatisticsImpl - Mocking Pass-Through Statistic: LOCAL_OFFHEAP_SIZE
2017-07-06 00:09:48.356 [restartedMain] DEBUG net.sf.ehcache.statistics.extended.ExtendedStatisticsImpl - Mocking Pass-Through Statistic: LOCAL_OFFHEAP_SIZE_BYTES
2017-07-06 00:09:48.357 [restartedMain] DEBUG net.sf.ehcache.statistics.extended.ExtendedStatisticsImpl - Mocking Pass-Through Statistic: WRITER_QUEUE_LENGTH
2017-07-06 00:09:48.358 [restartedMain] DEBUG net.sf.ehcache.statistics.extended.ExtendedStatisticsImpl - Mocking Pass-Through Statistic: REMOTE_SIZE
2017-07-06 00:09:48.358 [restartedMain] DEBUG net.sf.ehcache.statistics.extended.ExtendedStatisticsImpl - Mocking Pass-Through Statistic: LAST_REJOIN_TIMESTAMP
2017-07-06 00:09:48.374 [restartedMain] DEBUG net.sf.ehcache.statistics.extended.ExtendedStatisticsImpl - Mocking Operation Statistic: OFFHEAP_GET
2017-07-06 00:09:48.375 [restartedMain] DEBUG net.sf.ehcache.statistics.extended.ExtendedStatisticsImpl - Mocking Operation Statistic: OFFHEAP_PUT
2017-07-06 00:09:48.375 [restartedMain] DEBUG net.sf.ehcache.statistics.extended.ExtendedStatisticsImpl - Mocking Operation Statistic: OFFHEAP_REMOVE
2017-07-06 00:09:48.376 [restartedMain] DEBUG net.sf.ehcache.statistics.extended.ExtendedStatisticsImpl - Mocking Operation Statistic: XA_COMMIT
2017-07-06 00:09:48.377 [restartedMain] DEBUG net.sf.ehcache.statistics.extended.ExtendedStatisticsImpl - Mocking Operation Statistic: XA_ROLLBACK
2017-07-06 00:09:48.377 [restartedMain] DEBUG net.sf.ehcache.statistics.extended.ExtendedStatisticsImpl - Mocking Operation Statistic: XA_RECOVERY
2017-07-06 00:09:48.378 [restartedMain] DEBUG net.sf.ehcache.statistics.extended.ExtendedStatisticsImpl - Mocking Operation Statistic: CLUSTER_EVENT
2017-07-06 00:09:48.378 [restartedMain] DEBUG net.sf.ehcache.statistics.extended.ExtendedStatisticsImpl - Mocking Operation Statistic: NONSTOP
2017-07-06 00:09:48.385 [restartedMain] DEBUG net.sf.ehcache.Cache - Initialised cache: resourceCache
2017-07-06 00:09:48.385 [restartedMain] DEBUG net.sf.ehcache.config.ConfigurationHelper - CacheDecoratorFactory not configured. Skipping for 'resourceCache'.
2017-07-06 00:09:48.385 [restartedMain] DEBUG net.sf.ehcache.config.ConfigurationHelper - CacheDecoratorFactory not configured for defaultCache. Skipping for 'resourceCache'.
2017-07-06 00:09:49.601 [restartedMain] INFO  com.alibaba.druid.pool.DruidDataSource - {dataSource-1} inited
2017-07-06 00:09:50.230 [restartedMain] WARN  org.hibernate.mapping.RootClass - HHH000038: Composite-id class does not override equals(): net.bubblyyi.base.entity.BorrowBook
2017-07-06 00:09:50.230 [restartedMain] WARN  org.hibernate.mapping.RootClass - HHH000039: Composite-id class does not override hashCode(): net.bubblyyi.base.entity.BorrowBook
2017-07-06 00:09:51.921 [restartedMain] INFO  org.apache.catalina.core.StandardService - Starting service Tomcat
2017-07-06 00:09:51.922 [restartedMain] INFO  org.apache.catalina.core.StandardEngine - Starting Servlet Engine: Apache Tomcat/8.5.6
2017-07-06 00:09:52.074 [localhost-startStop-1] INFO  org.apache.catalina.core.ContainerBase.[Tomcat].[localhost].[/] - Initializing Spring embedded WebApplicationContext
2017-07-06 00:09:55.124 [restartedMain] DEBUG net.bubblyyi.base.config.listener.ApplicationEventListener - 应用刷新
2017-07-06 00:09:55.140 [restartedMain] INFO  org.apache.coyote.http11.Http11NioProtocol - Initializing ProtocolHandler ["http-nio-8855"]
2017-07-06 00:09:55.157 [restartedMain] INFO  org.apache.coyote.http11.Http11NioProtocol - Starting ProtocolHandler [http-nio-8855]
2017-07-06 00:09:55.186 [restartedMain] INFO  org.apache.tomcat.util.net.NioSelectorPool - Using a shared selector for servlet write/read
2017-07-06 00:09:55.246 [restartedMain] DEBUG net.bubblyyi.base.config.listener.ApplicationEventListener - 应用已启动完成
2017-07-06 00:09:55.247 [restartedMain] INFO  net.bubblyyi.base.Application - Started Application in 10.524 seconds (JVM running for 11.607)
2017-07-06 00:09:55.247 [restartedMain] DEBUG net.bubblyyi.base.Application - 启动成功
2017-07-06 00:10:11.514 [http-nio-8855-exec-1] INFO  org.apache.catalina.core.ContainerBase.[Tomcat].[localhost].[/] - Initializing Spring FrameworkServlet 'dispatcherServlet'
2017-07-06 00:10:19.599 [http-nio-8855-exec-5] DEBUG org.hibernate.SQL - select user0_.id as id1_5_, user0_.create_time as create_t2_5_, user0_.delete_status as delete_s3_5_, user0_.locked as locked4_5_, user0_.password as password5_5_, user0_.telephone as telephon6_5_, user0_.update_time as update_t7_5_, user0_.user_code as user_cod8_5_, user0_.user_name as user_nam9_5_ from tb_user user0_ where user0_.user_code=?
2017-07-06 00:10:19.792 [http-nio-8855-exec-6] DEBUG org.hibernate.SQL - select user0_.id as id1_5_, user0_.create_time as create_t2_5_, user0_.delete_status as delete_s3_5_, user0_.locked as locked4_5_, user0_.password as password5_5_, user0_.telephone as telephon6_5_, user0_.update_time as update_t7_5_, user0_.user_code as user_cod8_5_, user0_.user_name as user_nam9_5_ from tb_user user0_ where user0_.user_name=?
2017-07-06 00:10:19.797 [http-nio-8855-exec-6] DEBUG org.hibernate.SQL - select roles0_.user_id as user_id1_6_0_, roles0_.role_id as role_id2_6_0_, role1_.id as id1_3_1_, role1_.create_time as create_t2_3_1_, role1_.description as descript3_3_1_, role1_.name as name4_3_1_, role1_.role_key as role_key5_3_1_, role1_.status as status6_3_1_, role1_.update_time as update_t7_3_1_ from tb_user_role roles0_ inner join tb_role role1_ on roles0_.role_id=role1_.id where roles0_.user_id=?
2017-07-06 00:10:19.816 [http-nio-8855-exec-6] DEBUG org.hibernate.SQL - select resources0_.role_id as role_id1_4_0_, resources0_.resource_id as resource2_4_0_, resource1_.id as id1_2_1_, resource1_.create_time as create_t2_2_1_, resource1_.description as descript3_2_1_, resource1_.icon as icon4_2_1_, resource1_.is_hide as is_hide5_2_1_, resource1_.level as level6_2_1_, resource1_.name as name7_2_1_, resource1_.parent_id as parent_13_2_1_, resource1_.sort as sort8_2_1_, resource1_.source_key as source_k9_2_1_, resource1_.source_url as source_10_2_1_, resource1_.type as type11_2_1_, resource1_.update_time as update_12_2_1_ from tb_role_resource resources0_ inner join tb_resource resource1_ on resources0_.resource_id=resource1_.id where resources0_.role_id=?
2017-07-06 00:10:19.824 [http-nio-8855-exec-6] DEBUG org.hibernate.SQL - select user0_.id as id1_5_, user0_.create_time as create_t2_5_, user0_.delete_status as delete_s3_5_, user0_.locked as locked4_5_, user0_.password as password5_5_, user0_.telephone as telephon6_5_, user0_.update_time as update_t7_5_, user0_.user_code as user_cod8_5_, user0_.user_name as user_nam9_5_ from tb_user user0_ where user0_.user_name=?
2017-07-06 00:10:19.830 [http-nio-8855-exec-6] DEBUG org.hibernate.SQL - select user0_.id as id1_5_, user0_.create_time as create_t2_5_, user0_.delete_status as delete_s3_5_, user0_.locked as locked4_5_, user0_.password as password5_5_, user0_.telephone as telephon6_5_, user0_.update_time as update_t7_5_, user0_.user_code as user_cod8_5_, user0_.user_name as user_nam9_5_ from tb_user user0_ where user0_.user_name=?
2017-07-06 00:10:19.834 [http-nio-8855-exec-6] DEBUG org.hibernate.SQL - select user0_.id as id1_5_, user0_.create_time as create_t2_5_, user0_.delete_status as delete_s3_5_, user0_.locked as locked4_5_, user0_.password as password5_5_, user0_.telephone as telephon6_5_, user0_.update_time as update_t7_5_, user0_.user_code as user_cod8_5_, user0_.user_name as user_nam9_5_ from tb_user user0_ where user0_.user_name=?
2017-07-06 00:10:20.438 [http-nio-8855-exec-3] DEBUG org.hibernate.SQL - select count(book0_.book_id) as col_0_0_ from tb_books book0_
2017-07-06 00:10:20.442 [http-nio-8855-exec-3] DEBUG org.hibernate.SQL - select book0_.book_id as book_id1_0_, book0_.book_author as book_aut2_0_, book0_.book_inventory as book_inv3_0_, book0_.book_name as book_nam4_0_, book0_.book_press as book_pre5_0_, book0_.current_inventory as current_6_0_ from tb_books book0_ limit ?
2017-07-06 00:11:16.283 [http-nio-8855-exec-1] DEBUG org.hibernate.SQL - select user0_.id as id1_5_, user0_.create_time as create_t2_5_, user0_.delete_status as delete_s3_5_, user0_.locked as locked4_5_, user0_.password as password5_5_, user0_.telephone as telephon6_5_, user0_.update_time as update_t7_5_, user0_.user_code as user_cod8_5_, user0_.user_name as user_nam9_5_ from tb_user user0_ where user0_.user_name=?
2017-07-06 00:11:16.285 [http-nio-8855-exec-1] DEBUG org.hibernate.SQL - select roles0_.user_id as user_id1_6_0_, roles0_.role_id as role_id2_6_0_, role1_.id as id1_3_1_, role1_.create_time as create_t2_3_1_, role1_.description as descript3_3_1_, role1_.name as name4_3_1_, role1_.role_key as role_key5_3_1_, role1_.status as status6_3_1_, role1_.update_time as update_t7_3_1_ from tb_user_role roles0_ inner join tb_role role1_ on roles0_.role_id=role1_.id where roles0_.user_id=?
2017-07-06 00:11:16.287 [http-nio-8855-exec-1] DEBUG org.hibernate.SQL - select resources0_.role_id as role_id1_4_0_, resources0_.resource_id as resource2_4_0_, resource1_.id as id1_2_1_, resource1_.create_time as create_t2_2_1_, resource1_.description as descript3_2_1_, resource1_.icon as icon4_2_1_, resource1_.is_hide as is_hide5_2_1_, resource1_.level as level6_2_1_, resource1_.name as name7_2_1_, resource1_.parent_id as parent_13_2_1_, resource1_.sort as sort8_2_1_, resource1_.source_key as source_k9_2_1_, resource1_.source_url as source_10_2_1_, resource1_.type as type11_2_1_, resource1_.update_time as update_12_2_1_ from tb_role_resource resources0_ inner join tb_resource resource1_ on resources0_.resource_id=resource1_.id where resources0_.role_id=?
2017-07-06 00:11:16.294 [http-nio-8855-exec-1] DEBUG org.hibernate.SQL - select user0_.id as id1_5_, user0_.create_time as create_t2_5_, user0_.delete_status as delete_s3_5_, user0_.locked as locked4_5_, user0_.password as password5_5_, user0_.telephone as telephon6_5_, user0_.update_time as update_t7_5_, user0_.user_code as user_cod8_5_, user0_.user_name as user_nam9_5_ from tb_user user0_ where user0_.user_name=?
2017-07-06 00:11:16.299 [http-nio-8855-exec-1] DEBUG org.hibernate.SQL - select user0_.id as id1_5_, user0_.create_time as create_t2_5_, user0_.delete_status as delete_s3_5_, user0_.locked as locked4_5_, user0_.password as password5_5_, user0_.telephone as telephon6_5_, user0_.update_time as update_t7_5_, user0_.user_code as user_cod8_5_, user0_.user_name as user_nam9_5_ from tb_user user0_ where user0_.user_name=?
2017-07-06 00:11:16.305 [http-nio-8855-exec-1] DEBUG org.hibernate.SQL - select user0_.id as id1_5_, user0_.create_time as create_t2_5_, user0_.delete_status as delete_s3_5_, user0_.locked as locked4_5_, user0_.password as password5_5_, user0_.telephone as telephon6_5_, user0_.update_time as update_t7_5_, user0_.user_code as user_cod8_5_, user0_.user_name as user_nam9_5_ from tb_user user0_ where user0_.user_name=?
2017-07-06 00:11:16.797 [http-nio-8855-exec-1] DEBUG org.hibernate.SQL - select count(book0_.book_id) as col_0_0_ from tb_books book0_
2017-07-06 00:11:16.800 [http-nio-8855-exec-1] DEBUG org.hibernate.SQL - select book0_.book_id as book_id1_0_, book0_.book_author as book_aut2_0_, book0_.book_inventory as book_inv3_0_, book0_.book_name as book_nam4_0_, book0_.book_press as book_pre5_0_, book0_.current_inventory as current_6_0_ from tb_books book0_ limit ?
2017-07-06 00:11:57.193 [RMI TCP Connection(2)-127.0.0.1] DEBUG net.bubblyyi.base.config.listener.ApplicationEventListener - 应用关闭
2017-07-06 00:11:57.209 [RMI TCP Connection(2)-127.0.0.1] INFO  com.alibaba.druid.pool.DruidDataSource - {dataSource-1} closed
2017-07-06 08:19:40.977 [restartedMain] DEBUG net.bubblyyi.base.config.listener.ApplicationEventListener - 初始化环境变量
2017-07-06 08:19:41.121 [restartedMain] INFO  net.bubblyyi.base.Application - Starting Application on JamesMacBook.local with PID 4315 (started by zhangyi in /Users/zhangyi/Documents/java ee workspace/springboot_authority-master)
2017-07-06 08:19:41.121 [restartedMain] DEBUG net.bubblyyi.base.Application - Running with Spring Boot v1.4.2.RELEASE, Spring v4.3.4.RELEASE
2017-07-06 08:19:41.122 [restartedMain] INFO  net.bubblyyi.base.Application - No active profile set, falling back to default profiles: default
2017-07-06 08:19:41.273 [restartedMain] DEBUG net.bubblyyi.base.config.listener.ApplicationEventListener - 初始化环境变量完成
2017-07-06 08:19:41.342 [background-preinit] DEBUG org.jboss.logging - Logging Provider: org.jboss.logging.Slf4jLoggerProvider found via system property
2017-07-06 08:19:44.106 [restartedMain] DEBUG net.sf.ehcache.config.ConfigurationFactory - Configuring ehcache from InputStream
2017-07-06 08:19:44.129 [restartedMain] DEBUG net.sf.ehcache.config.BeanHandler - Ignoring ehcache attribute xmlns:xsi
2017-07-06 08:19:44.129 [restartedMain] DEBUG net.sf.ehcache.config.BeanHandler - Ignoring ehcache attribute xsi:noNamespaceSchemaLocation
2017-07-06 08:19:44.131 [restartedMain] DEBUG net.sf.ehcache.config.DiskStoreConfiguration - Disk Store Path: /var/folders/hx/ffh57rtd0dq4cm10w09pypm80000gn/T/
2017-07-06 08:19:44.171 [restartedMain] DEBUG net.sf.ehcache.util.PropertyUtil - propertiesString is null.
2017-07-06 08:19:44.191 [restartedMain] DEBUG net.sf.ehcache.config.ConfigurationHelper - No CacheManagerEventListenerFactory class specified. Skipping...
2017-07-06 08:19:44.252 [restartedMain] DEBUG net.sf.ehcache.Cache - No BootstrapCacheLoaderFactory class specified. Skipping...
2017-07-06 08:19:44.252 [restartedMain] DEBUG net.sf.ehcache.Cache - CacheWriter factory not configured. Skipping...
2017-07-06 08:19:44.252 [restartedMain] DEBUG net.sf.ehcache.config.ConfigurationHelper - No CacheExceptionHandlerFactory class specified. Skipping...
2017-07-06 08:19:44.260 [restartedMain] DEBUG net.sf.ehcache.Cache - No BootstrapCacheLoaderFactory class specified. Skipping...
2017-07-06 08:19:44.261 [restartedMain] DEBUG net.sf.ehcache.Cache - CacheWriter factory not configured. Skipping...
2017-07-06 08:19:44.261 [restartedMain] DEBUG net.sf.ehcache.config.ConfigurationHelper - No CacheExceptionHandlerFactory class specified. Skipping...
2017-07-06 08:19:44.262 [restartedMain] WARN  net.sf.ehcache.config.CacheConfiguration - Configuration problem for cache resourceCache: MaxEntriesLocalHeap equal or greater than MaxEntriesLocalDisk. This will result in useless disk storage.
2017-07-06 08:19:44.282 [restartedMain] DEBUG net.sf.ehcache.DiskStorePathManager - Using diskstore path /var/folders/hx/ffh57rtd0dq4cm10w09pypm80000gn/T
2017-07-06 08:19:44.282 [restartedMain] DEBUG net.sf.ehcache.DiskStorePathManager - Holding exclusive lock on /var/folders/hx/ffh57rtd0dq4cm10w09pypm80000gn/T/.ehcache-diskstore.lock
2017-07-06 08:19:44.282 [restartedMain] DEBUG net.sf.ehcache.store.disk.DiskStorageFactory - Failed to delete file resource%0043ache.data
2017-07-06 08:19:44.282 [restartedMain] DEBUG net.sf.ehcache.store.disk.DiskStorageFactory - Failed to delete file resource%0043ache.index
2017-07-06 08:19:44.291 [restartedMain] DEBUG net.sf.ehcache.store.disk.DiskStorageFactory - Matching data file missing (or empty) for index file. Deleting index file /var/folders/hx/ffh57rtd0dq4cm10w09pypm80000gn/T/resource%0043ache.index
2017-07-06 08:19:44.292 [restartedMain] DEBUG net.sf.ehcache.store.disk.DiskStorageFactory - Failed to delete file resource%0043ache.index
2017-07-06 08:19:44.349 [restartedMain] DEBUG net.sf.ehcache.statistics.extended.ExtendedStatisticsImpl - Mocking Pass-Through Statistic: LOCAL_OFFHEAP_SIZE
2017-07-06 08:19:44.351 [restartedMain] DEBUG net.sf.ehcache.statistics.extended.ExtendedStatisticsImpl - Mocking Pass-Through Statistic: LOCAL_OFFHEAP_SIZE_BYTES
2017-07-06 08:19:44.352 [restartedMain] DEBUG net.sf.ehcache.statistics.extended.ExtendedStatisticsImpl - Mocking Pass-Through Statistic: WRITER_QUEUE_LENGTH
2017-07-06 08:19:44.352 [restartedMain] DEBUG net.sf.ehcache.statistics.extended.ExtendedStatisticsImpl - Mocking Pass-Through Statistic: REMOTE_SIZE
2017-07-06 08:19:44.352 [restartedMain] DEBUG net.sf.ehcache.statistics.extended.ExtendedStatisticsImpl - Mocking Pass-Through Statistic: LAST_REJOIN_TIMESTAMP
2017-07-06 08:19:44.365 [restartedMain] DEBUG net.sf.ehcache.statistics.extended.ExtendedStatisticsImpl - Mocking Operation Statistic: OFFHEAP_GET
2017-07-06 08:19:44.366 [restartedMain] DEBUG net.sf.ehcache.statistics.extended.ExtendedStatisticsImpl - Mocking Operation Statistic: OFFHEAP_PUT
2017-07-06 08:19:44.367 [restartedMain] DEBUG net.sf.ehcache.statistics.extended.ExtendedStatisticsImpl - Mocking Operation Statistic: OFFHEAP_REMOVE
2017-07-06 08:19:44.368 [restartedMain] DEBUG net.sf.ehcache.statistics.extended.ExtendedStatisticsImpl - Mocking Operation Statistic: XA_COMMIT
2017-07-06 08:19:44.369 [restartedMain] DEBUG net.sf.ehcache.statistics.extended.ExtendedStatisticsImpl - Mocking Operation Statistic: XA_ROLLBACK
2017-07-06 08:19:44.369 [restartedMain] DEBUG net.sf.ehcache.statistics.extended.ExtendedStatisticsImpl - Mocking Operation Statistic: XA_RECOVERY
2017-07-06 08:19:44.370 [restartedMain] DEBUG net.sf.ehcache.statistics.extended.ExtendedStatisticsImpl - Mocking Operation Statistic: CLUSTER_EVENT
2017-07-06 08:19:44.370 [restartedMain] DEBUG net.sf.ehcache.statistics.extended.ExtendedStatisticsImpl - Mocking Operation Statistic: NONSTOP
2017-07-06 08:19:44.376 [restartedMain] DEBUG net.sf.ehcache.Cache - Initialised cache: resourceCache
2017-07-06 08:19:44.376 [restartedMain] DEBUG net.sf.ehcache.config.ConfigurationHelper - CacheDecoratorFactory not configured. Skipping for 'resourceCache'.
2017-07-06 08:19:44.377 [restartedMain] DEBUG net.sf.ehcache.config.ConfigurationHelper - CacheDecoratorFactory not configured for defaultCache. Skipping for 'resourceCache'.
2017-07-06 08:19:45.667 [restartedMain] INFO  com.alibaba.druid.pool.DruidDataSource - {dataSource-1} inited
2017-07-06 08:19:46.220 [restartedMain] WARN  org.hibernate.mapping.RootClass - HHH000038: Composite-id class does not override equals(): net.bubblyyi.base.entity.BorrowBook
2017-07-06 08:19:46.220 [restartedMain] WARN  org.hibernate.mapping.RootClass - HHH000039: Composite-id class does not override hashCode(): net.bubblyyi.base.entity.BorrowBook
2017-07-06 08:19:47.923 [restartedMain] INFO  org.apache.catalina.core.StandardService - Starting service Tomcat
2017-07-06 08:19:47.924 [restartedMain] INFO  org.apache.catalina.core.StandardEngine - Starting Servlet Engine: Apache Tomcat/8.5.6
2017-07-06 08:19:48.023 [localhost-startStop-1] INFO  org.apache.catalina.core.ContainerBase.[Tomcat].[localhost].[/] - Initializing Spring embedded WebApplicationContext
2017-07-06 08:19:51.744 [restartedMain] DEBUG net.bubblyyi.base.config.listener.ApplicationEventListener - 应用刷新
2017-07-06 08:19:51.757 [restartedMain] INFO  org.apache.coyote.http11.Http11NioProtocol - Initializing ProtocolHandler ["http-nio-8855"]
2017-07-06 08:19:51.769 [restartedMain] INFO  org.apache.coyote.http11.Http11NioProtocol - Starting ProtocolHandler [http-nio-8855]
2017-07-06 08:19:51.790 [restartedMain] INFO  org.apache.tomcat.util.net.NioSelectorPool - Using a shared selector for servlet write/read
2017-07-06 08:19:51.825 [restartedMain] DEBUG net.bubblyyi.base.config.listener.ApplicationEventListener - 应用已启动完成
2017-07-06 08:19:51.831 [restartedMain] INFO  net.bubblyyi.base.Application - Started Application in 11.133 seconds (JVM running for 11.994)
2017-07-06 08:19:51.832 [restartedMain] DEBUG net.bubblyyi.base.Application - 启动成功
2017-07-06 08:19:59.499 [http-nio-8855-exec-1] INFO  org.apache.catalina.core.ContainerBase.[Tomcat].[localhost].[/] - Initializing Spring FrameworkServlet 'dispatcherServlet'
2017-07-06 08:23:08.567 [http-nio-8855-exec-4] DEBUG org.hibernate.SQL - select user0_.id as id1_5_, user0_.create_time as create_t2_5_, user0_.delete_status as delete_s3_5_, user0_.locked as locked4_5_, user0_.password as password5_5_, user0_.telephone as telephon6_5_, user0_.update_time as update_t7_5_, user0_.user_code as user_cod8_5_, user0_.user_name as user_nam9_5_ from tb_user user0_ where user0_.user_code=?
2017-07-06 08:23:08.756 [http-nio-8855-exec-5] DEBUG org.hibernate.SQL - select user0_.id as id1_5_, user0_.create_time as create_t2_5_, user0_.delete_status as delete_s3_5_, user0_.locked as locked4_5_, user0_.password as password5_5_, user0_.telephone as telephon6_5_, user0_.update_time as update_t7_5_, user0_.user_code as user_cod8_5_, user0_.user_name as user_nam9_5_ from tb_user user0_ where user0_.user_name=?
2017-07-06 08:23:08.762 [http-nio-8855-exec-5] DEBUG org.hibernate.SQL - select roles0_.user_id as user_id1_6_0_, roles0_.role_id as role_id2_6_0_, role1_.id as id1_3_1_, role1_.create_time as create_t2_3_1_, role1_.description as descript3_3_1_, role1_.name as name4_3_1_, role1_.role_key as role_key5_3_1_, role1_.status as status6_3_1_, role1_.update_time as update_t7_3_1_ from tb_user_role roles0_ inner join tb_role role1_ on roles0_.role_id=role1_.id where roles0_.user_id=?
2017-07-06 08:23:08.772 [http-nio-8855-exec-5] DEBUG org.hibernate.SQL - select resources0_.role_id as role_id1_4_0_, resources0_.resource_id as resource2_4_0_, resource1_.id as id1_2_1_, resource1_.create_time as create_t2_2_1_, resource1_.description as descript3_2_1_, resource1_.icon as icon4_2_1_, resource1_.is_hide as is_hide5_2_1_, resource1_.level as level6_2_1_, resource1_.name as name7_2_1_, resource1_.parent_id as parent_13_2_1_, resource1_.sort as sort8_2_1_, resource1_.source_key as source_k9_2_1_, resource1_.source_url as source_10_2_1_, resource1_.type as type11_2_1_, resource1_.update_time as update_12_2_1_ from tb_role_resource resources0_ inner join tb_resource resource1_ on resources0_.resource_id=resource1_.id where resources0_.role_id=?
2017-07-06 08:23:08.784 [http-nio-8855-exec-5] DEBUG org.hibernate.SQL - select user0_.id as id1_5_, user0_.create_time as create_t2_5_, user0_.delete_status as delete_s3_5_, user0_.locked as locked4_5_, user0_.password as password5_5_, user0_.telephone as telephon6_5_, user0_.update_time as update_t7_5_, user0_.user_code as user_cod8_5_, user0_.user_name as user_nam9_5_ from tb_user user0_ where user0_.user_name=?
2017-07-06 08:23:08.790 [http-nio-8855-exec-5] DEBUG org.hibernate.SQL - select user0_.id as id1_5_, user0_.create_time as create_t2_5_, user0_.delete_status as delete_s3_5_, user0_.locked as locked4_5_, user0_.password as password5_5_, user0_.telephone as telephon6_5_, user0_.update_time as update_t7_5_, user0_.user_code as user_cod8_5_, user0_.user_name as user_nam9_5_ from tb_user user0_ where user0_.user_name=?
2017-07-06 08:23:08.798 [http-nio-8855-exec-5] DEBUG org.hibernate.SQL - select user0_.id as id1_5_, user0_.create_time as create_t2_5_, user0_.delete_status as delete_s3_5_, user0_.locked as locked4_5_, user0_.password as password5_5_, user0_.telephone as telephon6_5_, user0_.update_time as update_t7_5_, user0_.user_code as user_cod8_5_, user0_.user_name as user_nam9_5_ from tb_user user0_ where user0_.user_name=?
2017-07-06 08:23:09.344 [http-nio-8855-exec-7] DEBUG org.hibernate.SQL - select count(book0_.book_id) as col_0_0_ from tb_books book0_
2017-07-06 08:23:09.350 [http-nio-8855-exec-7] DEBUG org.hibernate.SQL - select book0_.book_id as book_id1_0_, book0_.book_author as book_aut2_0_, book0_.book_inventory as book_inv3_0_, book0_.book_name as book_nam4_0_, book0_.book_press as book_pre5_0_, book0_.current_inventory as current_6_0_ from tb_books book0_ limit ?
2017-07-06 08:23:22.544 [http-nio-8855-exec-2] DEBUG org.hibernate.SQL - select count(book0_.book_id) as col_0_0_ from tb_books book0_
2017-07-06 08:23:22.546 [http-nio-8855-exec-2] DEBUG org.hibernate.SQL - select book0_.book_id as book_id1_0_, book0_.book_author as book_aut2_0_, book0_.book_inventory as book_inv3_0_, book0_.book_name as book_nam4_0_, book0_.book_press as book_pre5_0_, book0_.current_inventory as current_6_0_ from tb_books book0_ limit ?
2017-07-06 08:23:32.969 [http-nio-8855-exec-9] DEBUG org.hibernate.SQL - select book0_.book_id as book_id1_0_, book0_.book_author as book_aut2_0_, book0_.book_inventory as book_inv3_0_, book0_.book_name as book_nam4_0_, book0_.book_press as book_pre5_0_, book0_.current_inventory as current_6_0_ from tb_books book0_ where book0_.book_id=?
2017-07-06 08:23:32.999 [http-nio-8855-exec-9] DEBUG org.hibernate.SQL - select borrowbook0_.user_id as user_id1_1_, borrowbook0_.book_id as book_id2_1_, borrowbook0_.update_time as update_t3_1_ from tb_borrow_books borrowbook0_ where borrowbook0_.user_id=? and borrowbook0_.book_id=?
2017-07-06 08:23:35.033 [http-nio-8855-exec-3] DEBUG org.hibernate.SQL - select count(book0_.book_id) as col_0_0_ from tb_books book0_
2017-07-06 08:23:35.035 [http-nio-8855-exec-3] DEBUG org.hibernate.SQL - select book0_.book_id as book_id1_0_, book0_.book_author as book_aut2_0_, book0_.book_inventory as book_inv3_0_, book0_.book_name as book_nam4_0_, book0_.book_press as book_pre5_0_, book0_.current_inventory as current_6_0_ from tb_books book0_ limit ?
2017-07-06 08:23:36.798 [http-nio-8855-exec-6] DEBUG org.hibernate.SQL - select user0_.id as id1_5_, user0_.create_time as create_t2_5_, user0_.delete_status as delete_s3_5_, user0_.locked as locked4_5_, user0_.password as password5_5_, user0_.telephone as telephon6_5_, user0_.update_time as update_t7_5_, user0_.user_code as user_cod8_5_, user0_.user_name as user_nam9_5_ from tb_user user0_ where user0_.user_name=?
2017-07-06 08:23:36.801 [http-nio-8855-exec-6] DEBUG org.hibernate.SQL - select roles0_.user_id as user_id1_6_0_, roles0_.role_id as role_id2_6_0_, role1_.id as id1_3_1_, role1_.create_time as create_t2_3_1_, role1_.description as descript3_3_1_, role1_.name as name4_3_1_, role1_.role_key as role_key5_3_1_, role1_.status as status6_3_1_, role1_.update_time as update_t7_3_1_ from tb_user_role roles0_ inner join tb_role role1_ on roles0_.role_id=role1_.id where roles0_.user_id=?
2017-07-06 08:23:36.803 [http-nio-8855-exec-6] DEBUG org.hibernate.SQL - select resources0_.role_id as role_id1_4_0_, resources0_.resource_id as resource2_4_0_, resource1_.id as id1_2_1_, resource1_.create_time as create_t2_2_1_, resource1_.description as descript3_2_1_, resource1_.icon as icon4_2_1_, resource1_.is_hide as is_hide5_2_1_, resource1_.level as level6_2_1_, resource1_.name as name7_2_1_, resource1_.parent_id as parent_13_2_1_, resource1_.sort as sort8_2_1_, resource1_.source_key as source_k9_2_1_, resource1_.source_url as source_10_2_1_, resource1_.type as type11_2_1_, resource1_.update_time as update_12_2_1_ from tb_role_resource resources0_ inner join tb_resource resource1_ on resources0_.resource_id=resource1_.id where resources0_.role_id=?
2017-07-06 08:23:36.814 [http-nio-8855-exec-6] DEBUG org.hibernate.SQL - select user0_.id as id1_5_, user0_.create_time as create_t2_5_, user0_.delete_status as delete_s3_5_, user0_.locked as locked4_5_, user0_.password as password5_5_, user0_.telephone as telephon6_5_, user0_.update_time as update_t7_5_, user0_.user_code as user_cod8_5_, user0_.user_name as user_nam9_5_ from tb_user user0_ where user0_.user_name=?
2017-07-06 08:23:36.819 [http-nio-8855-exec-6] DEBUG org.hibernate.SQL - select user0_.id as id1_5_, user0_.create_time as create_t2_5_, user0_.delete_status as delete_s3_5_, user0_.locked as locked4_5_, user0_.password as password5_5_, user0_.telephone as telephon6_5_, user0_.update_time as update_t7_5_, user0_.user_code as user_cod8_5_, user0_.user_name as user_nam9_5_ from tb_user user0_ where user0_.user_name=?
2017-07-06 08:23:36.824 [http-nio-8855-exec-6] DEBUG org.hibernate.SQL - select user0_.id as id1_5_, user0_.create_time as create_t2_5_, user0_.delete_status as delete_s3_5_, user0_.locked as locked4_5_, user0_.password as password5_5_, user0_.telephone as telephon6_5_, user0_.update_time as update_t7_5_, user0_.user_code as user_cod8_5_, user0_.user_name as user_nam9_5_ from tb_user user0_ where user0_.user_name=?
2017-07-06 08:23:37.108 [http-nio-8855-exec-4] DEBUG org.hibernate.SQL - select count(role0_.id) as col_0_0_ from tb_role role0_
2017-07-06 08:23:37.110 [http-nio-8855-exec-4] DEBUG org.hibernate.SQL - select role0_.id as id1_3_, role0_.create_time as create_t2_3_, role0_.description as descript3_3_, role0_.name as name4_3_, role0_.role_key as role_key5_3_, role0_.status as status6_3_, role0_.update_time as update_t7_3_ from tb_role role0_ limit ?
2017-07-06 08:23:37.119 [http-nio-8855-exec-4] DEBUG org.hibernate.SQL - select resources0_.role_id as role_id1_4_0_, resources0_.resource_id as resource2_4_0_, resource1_.id as id1_2_1_, resource1_.create_time as create_t2_2_1_, resource1_.description as descript3_2_1_, resource1_.icon as icon4_2_1_, resource1_.is_hide as is_hide5_2_1_, resource1_.level as level6_2_1_, resource1_.name as name7_2_1_, resource1_.parent_id as parent_13_2_1_, resource1_.sort as sort8_2_1_, resource1_.source_key as source_k9_2_1_, resource1_.source_url as source_10_2_1_, resource1_.type as type11_2_1_, resource1_.update_time as update_12_2_1_ from tb_role_resource resources0_ inner join tb_resource resource1_ on resources0_.resource_id=resource1_.id where resources0_.role_id=?
2017-07-06 08:23:37.143 [http-nio-8855-exec-4] DEBUG org.hibernate.SQL - select resources0_.role_id as role_id1_4_0_, resources0_.resource_id as resource2_4_0_, resource1_.id as id1_2_1_, resource1_.create_time as create_t2_2_1_, resource1_.description as descript3_2_1_, resource1_.icon as icon4_2_1_, resource1_.is_hide as is_hide5_2_1_, resource1_.level as level6_2_1_, resource1_.name as name7_2_1_, resource1_.parent_id as parent_13_2_1_, resource1_.sort as sort8_2_1_, resource1_.source_key as source_k9_2_1_, resource1_.source_url as source_10_2_1_, resource1_.type as type11_2_1_, resource1_.update_time as update_12_2_1_ from tb_role_resource resources0_ inner join tb_resource resource1_ on resources0_.resource_id=resource1_.id where resources0_.role_id=?
2017-07-06 08:23:38.794 [http-nio-8855-exec-1] DEBUG org.hibernate.SQL - select count(book0_.book_id) as col_0_0_ from tb_books book0_
2017-07-06 08:23:38.796 [http-nio-8855-exec-1] DEBUG org.hibernate.SQL - select book0_.book_id as book_id1_0_, book0_.book_author as book_aut2_0_, book0_.book_inventory as book_inv3_0_, book0_.book_name as book_nam4_0_, book0_.book_press as book_pre5_0_, book0_.current_inventory as current_6_0_ from tb_books book0_ limit ?
2017-07-06 08:23:49.102 [http-nio-8855-exec-4] DEBUG org.hibernate.SQL - select count(book0_.book_id) as col_0_0_ from tb_books book0_
2017-07-06 08:23:49.104 [http-nio-8855-exec-4] DEBUG org.hibernate.SQL - select book0_.book_id as book_id1_0_, book0_.book_author as book_aut2_0_, book0_.book_inventory as book_inv3_0_, book0_.book_name as book_nam4_0_, book0_.book_press as book_pre5_0_, book0_.current_inventory as current_6_0_ from tb_books book0_ limit ?
2017-07-06 08:24:01.399 [http-nio-8855-exec-3] DEBUG org.hibernate.SQL - select count(book0_.book_id) as col_0_0_ from tb_books book0_
2017-07-06 08:24:01.400 [http-nio-8855-exec-3] DEBUG org.hibernate.SQL - select book0_.book_id as book_id1_0_, book0_.book_author as book_aut2_0_, book0_.book_inventory as book_inv3_0_, book0_.book_name as book_nam4_0_, book0_.book_press as book_pre5_0_, book0_.current_inventory as current_6_0_ from tb_books book0_ limit ?
2017-07-06 08:24:07.311 [http-nio-8855-exec-6] DEBUG org.hibernate.SQL - select borrowbook0_.user_id as user_id1_1_, borrowbook0_.book_id as book_id2_1_, borrowbook0_.update_time as update_t3_1_ from tb_borrow_books borrowbook0_ where borrowbook0_.user_id=?
2017-07-06 08:24:07.316 [http-nio-8855-exec-6] DEBUG org.hibernate.SQL - select book0_.book_id as book_id1_0_, book0_.book_author as book_aut2_0_, book0_.book_inventory as book_inv3_0_, book0_.book_name as book_nam4_0_, book0_.book_press as book_pre5_0_, book0_.current_inventory as current_6_0_ from tb_books book0_ where book0_.book_id=?
2017-07-06 08:24:07.319 [http-nio-8855-exec-6] DEBUG org.hibernate.SQL - select book0_.book_id as book_id1_0_, book0_.book_author as book_aut2_0_, book0_.book_inventory as book_inv3_0_, book0_.book_name as book_nam4_0_, book0_.book_press as book_pre5_0_, book0_.current_inventory as current_6_0_ from tb_books book0_ where book0_.book_id=?
2017-07-06 08:24:07.322 [http-nio-8855-exec-6] DEBUG org.hibernate.SQL - select book0_.book_id as book_id1_0_, book0_.book_author as book_aut2_0_, book0_.book_inventory as book_inv3_0_, book0_.book_name as book_nam4_0_, book0_.book_press as book_pre5_0_, book0_.current_inventory as current_6_0_ from tb_books book0_ where book0_.book_id=?
2017-07-06 08:24:07.328 [http-nio-8855-exec-6] DEBUG org.hibernate.SQL - select book0_.book_id as book_id1_0_, book0_.book_author as book_aut2_0_, book0_.book_inventory as book_inv3_0_, book0_.book_name as book_nam4_0_, book0_.book_press as book_pre5_0_, book0_.current_inventory as current_6_0_ from tb_books book0_ where book0_.book_id=?
2017-07-06 08:24:39.587 [http-nio-8855-exec-1] DEBUG org.hibernate.SQL - select book0_.book_id as book_id1_0_, book0_.book_author as book_aut2_0_, book0_.book_inventory as book_inv3_0_, book0_.book_name as book_nam4_0_, book0_.book_press as book_pre5_0_, book0_.current_inventory as current_6_0_ from tb_books book0_ where book0_.book_id=?
2017-07-06 08:24:39.603 [http-nio-8855-exec-1] DEBUG org.hibernate.SQL - update tb_books set book_author=?, book_inventory=?, book_name=?, book_press=?, current_inventory=? where book_id=?
2017-07-06 08:24:39.604 [http-nio-8855-exec-1] DEBUG org.hibernate.SQL - select book0_.book_id as book_id1_0_, book0_.book_author as book_aut2_0_, book0_.book_inventory as book_inv3_0_, book0_.book_name as book_nam4_0_, book0_.book_press as book_pre5_0_, book0_.current_inventory as current_6_0_ from tb_books book0_ where book0_.book_id=?
2017-07-06 08:24:39.629 [http-nio-8855-exec-1] DEBUG org.hibernate.SQL - delete from tb_borrow_books where user_id=? and book_id=?
2017-07-06 08:24:40.847 [http-nio-8855-exec-10] DEBUG org.hibernate.SQL - select count(book0_.book_id) as col_0_0_ from tb_books book0_
2017-07-06 08:24:40.848 [http-nio-8855-exec-10] DEBUG org.hibernate.SQL - select book0_.book_id as book_id1_0_, book0_.book_author as book_aut2_0_, book0_.book_inventory as book_inv3_0_, book0_.book_name as book_nam4_0_, book0_.book_press as book_pre5_0_, book0_.current_inventory as current_6_0_ from tb_books book0_ limit ?
2017-07-06 08:24:41.677 [http-nio-8855-exec-2] DEBUG org.hibernate.SQL - select book0_.book_id as book_id1_0_, book0_.book_author as book_aut2_0_, book0_.book_inventory as book_inv3_0_, book0_.book_name as book_nam4_0_, book0_.book_press as book_pre5_0_, book0_.current_inventory as current_6_0_ from tb_books book0_ where book0_.book_id=?
2017-07-06 08:24:41.680 [http-nio-8855-exec-2] DEBUG org.hibernate.SQL - update tb_books set book_author=?, book_inventory=?, book_name=?, book_press=?, current_inventory=? where book_id=?
2017-07-06 08:24:41.681 [http-nio-8855-exec-2] DEBUG org.hibernate.SQL - select book0_.book_id as book_id1_0_, book0_.book_author as book_aut2_0_, book0_.book_inventory as book_inv3_0_, book0_.book_name as book_nam4_0_, book0_.book_press as book_pre5_0_, book0_.current_inventory as current_6_0_ from tb_books book0_ where book0_.book_id=?
2017-07-06 08:24:41.686 [http-nio-8855-exec-2] DEBUG org.hibernate.SQL - delete from tb_borrow_books where user_id=? and book_id=?
2017-07-06 08:24:43.701 [http-nio-8855-exec-4] DEBUG org.hibernate.SQL - select count(book0_.book_id) as col_0_0_ from tb_books book0_
2017-07-06 08:24:43.703 [http-nio-8855-exec-4] DEBUG org.hibernate.SQL - select book0_.book_id as book_id1_0_, book0_.book_author as book_aut2_0_, book0_.book_inventory as book_inv3_0_, book0_.book_name as book_nam4_0_, book0_.book_press as book_pre5_0_, book0_.current_inventory as current_6_0_ from tb_books book0_ limit ?
2017-07-06 08:25:04.151 [RMI TCP Connection(2)-127.0.0.1] DEBUG net.bubblyyi.base.config.listener.ApplicationEventListener - 应用关闭
2017-07-06 08:25:04.171 [RMI TCP Connection(2)-127.0.0.1] INFO  com.alibaba.druid.pool.DruidDataSource - {dataSource-1} closed
